<?xml version="1.0" encoding="UTF-8"?>
<!-- Generated by org.testng.reporters.JUnitReportReporter -->
<testsuite hostname="Abhay" failures="0" tests="1" name="TestRunner.BaseRunner" time="8.435" errors="0" timestamp="2022-05-23T12:23:41 IST" skipped="0">
  <testcase classname="TestRunner.BaseRunner" name="runScenario" time="8.435"/>
  <system-out/>
</testsuite> <!-- TestRunner.BaseRunner -->
